<?xml version="1.0" encoding="UTF-8" standalone="no"?>
<configuration>
  <playlists>
    <playlist name="first">
      <track sourceType="HTTP_STREAM">http://ice1.somafm.com/groovesalad-128.mp3</track>
      <track sourceType="HTTP_STREAM">http://ice1.somafm.com/secretagent-128.mp3</track>
      <track sourceType="HTTP_STREAM">http://ice1.somafm.com/spacestation-128.mp3</track>
    </playlist>
    <playlist name="second">
      <track sourceType="FILE">/home/push/Development/idea_workspace/caudio_player/src/test/resources/audiotracks/01 Yellow Submarine.mp3</track>
      <track sourceType="FILE">/home/push/Development/idea_workspace/caudio_player/src/test/resources/audiotracks/02 Hey Bulldog.mp3</track>
      <track sourceType="FILE">/home/push/Development/idea_workspace/caudio_player/src/test/resources/audiotracks/03 Eleanor Rigby.mp3</track>
    </playlist>
    <activeName>first</activeName>
    <displayedName>first</displayedName>
  </playlists>
</configuration>
