<?xml version="1.0" encoding="UTF-8" standalone="no"?>
<configuration>
  <playlists>
    <playlist active="true" name="first" position="0">
      <track sourceType="HTTP_STREAM">http://ice1.somafm.com/groovesalad-128.mp3</track>
      <track sourceType="HTTP_STREAM">http://ice1.somafm.com/secretagent-128.mp3</track>
      <track sourceType="HTTP_STREAM">http://ice1.somafm.com/spacestation-128.mp3</track>
    </playlist>
    <playlist active="true" name="second" position="1">
      <track sourceType="FILE">audiotracks/01 Yellow Submarine.mp3</track>
      <track sourceType="FILE">audiotracks/02 Hey Bulldog.mp3</track>
      <track sourceType="FILE">audiotracks/03 Eleanor Rigby.mp3</track>
      <track sourceType="FILE">audiotracks/04 Love You to.mp3</track>
      <track sourceType="FILE">audiotracks/05 All Together Now.mp3</track>
      <track sourceType="FILE">audiotracks/06 Lusi In The Sky With Diamond.mp3</track>
    </playlist>
  </playlists>
</configuration>
